{
  message: 'Error while connecting to database (mongodb://developer:2002@localhost:27017/mongo_driver_db) Authentication failed.',
  level: 'error',
  timestamp: '2023-04-10T04:11:09.869Z',
  label: 'driver_service',
  metadata: {}
}
{
  message: 'Error while connecting to database (mongodb://developer:2002@localhost:27017/mongo_driver_db) Authentication failed.',
  level: 'error',
  timestamp: '2023-04-10T11:33:59.083Z',
  label: 'driver_service',
  metadata: {}
}
{
  message: 'Error while connecting to database (mongodb://developer:2002@localhost:27017/mongo_driver_db) Authentication failed.',
  level: 'error',
  timestamp: '2023-04-13T04:36:46.298Z',
  label: 'driver_service',
  metadata: {}
}
{
  message: 'Error while connecting to database (mongodb://developer:2002@localhost:27017/mongo_driver_db) Authentication failed.',
  level: 'error',
  timestamp: '2023-04-13T04:40:24.774Z',
  label: 'driver_service',
  metadata: {}
}
{
  message: 'service.driver.create: failed with error: Operation `driverapps.insertOne()` buffering timed out after 10000ms',
  level: 'error',
  timestamp: '2023-04-13T04:49:22.557Z',
  label: 'driver_service',
  metadata: {}
}
{
  message: 'service.driver.create: failed with error: Operation `driverapps.insertOne()` buffering timed out after 10000ms',
  level: 'error',
  timestamp: '2023-04-13T04:52:33.804Z',
  label: 'driver_service',
  metadata: {}
}
{
  message: 'service.driver.create: failed with error: Operation `driverapps.insertOne()` buffering timed out after 10000ms',
  level: 'error',
  timestamp: '2023-04-13T04:53:38.928Z',
  label: 'driver_service',
  metadata: {}
}
{
  message: 'Error while connecting to database (mongodb://developer:2002@localhost:27017/mongo_driver_db) Authentication failed.',
  level: 'error',
  timestamp: '2023-04-13T08:54:59.817Z',
  label: 'driver_service',
  metadata: {}
}
{
  message: 'Error while connecting to database (mongodb://developer:2002@localhost:27017/mongo_driver_db) Authentication failed.',
  level: 'error',
  timestamp: '2023-04-13T08:56:56.753Z',
  label: 'driver_service',
  metadata: {}
}
{
  message: 'Error while connecting to database (mongodb://developer:2002@localhost:27017/mongo_driver_db) Authentication failed.',
  level: 'error',
  timestamp: '2023-04-13T09:06:47.627Z',
  label: 'driver_service',
  metadata: {}
}
{
  message: 'service.driver.create: failed with error: Operation `driverapps.insertOne()` buffering timed out after 10000ms',
  level: 'error',
  timestamp: '2023-04-13T09:20:25.430Z',
  label: 'driver_service',
  metadata: {}
}
{
  message: 'Error while connecting to database (mongodb://developer:2002@localhost:27017/mongo_driver_db) Authentication failed.',
  level: 'error',
  timestamp: '2023-04-13T09:31:07.584Z',
  label: 'driver_service',
  metadata: {}
}
{
  message: 'Error while connecting to database (mongodb://developer:2002@localhost:27017/mongo_driver_db) Authentication failed.',
  level: 'error',
  timestamp: '2023-04-13T09:32:19.082Z',
  label: 'driver_service',
  metadata: {}
}
{
  message: 'Error while connecting to database (mongodb://developer:2002@localhost:27017/mongo_driver_db) Authentication failed.',
  level: 'error',
  timestamp: '2023-04-13T09:33:44.323Z',
  label: 'driver_service',
  metadata: {}
}
{
  message: 'Error while connecting to database (mongodb://developer:2002@localhost:27017/mongo_driver_db) Authentication failed.',
  level: 'error',
  timestamp: '2023-04-13T09:35:46.992Z',
  label: 'driver_service',
  metadata: {}
}
{
  message: 'Error while connecting to database (mongodb://developer:2002@localhost:27017/mongo_driver_db) Authentication failed.',
  level: 'error',
  timestamp: '2023-04-13T10:02:56.796Z',
  label: 'driver_service',
  metadata: {}
}
